<?xml version="1.0" encoding="UTF-8"?>
<robot generator="Robot 6.0.2 (Python 3.9.5 on win32)" generated="20231128 11:48:08.341" rpa="false" schemaversion="3">
<suite id="s1" name="Search Ui" source="c:\Users\User\Desktop\automated-test-cases\test-script\search_ui.robot">
<test id="s1-t1" name="User search product by existing product name" line="16">
<kw name="Run Keywords" library="BuiltIn" type="SETUP">
<arg>Open homepage</arg>
<arg>AND</arg>
<arg>Maximize Browser Window</arg>
<doc>Executes all the given keywords in a sequence.</doc>
<kw name="Open homepage">
<kw name="Open Browser" library="SeleniumLibrary">
<arg>${url}</arg>
<arg>edge</arg>
<doc>Opens a new browser instance to the optional ``url``.</doc>
<msg timestamp="20231128 11:48:08.980" level="INFO">Opening browser 'edge' to base url 'http://localhost:3000/'.</msg>
<msg timestamp="20231128 11:48:08.997" level="INFO">Applicable driver not found; attempting to install with Selenium Manager (Beta)</msg>
<status status="PASS" starttime="20231128 11:48:08.979" endtime="20231128 11:48:12.705"/>
</kw>
<status status="PASS" starttime="20231128 11:48:08.978" endtime="20231128 11:48:12.706"/>
</kw>
<kw name="Maximize Browser Window" library="SeleniumLibrary">
<doc>Maximizes current browser window.</doc>
<status status="PASS" starttime="20231128 11:48:12.707" endtime="20231128 11:48:12.956"/>
</kw>
<status status="PASS" starttime="20231128 11:48:08.977" endtime="20231128 11:48:12.957"/>
</kw>
<kw name="Click Element" library="SeleniumLibrary">
<arg>class:global-nav__input</arg>
<doc>Click the element identified by ``locator``.</doc>
<msg timestamp="20231128 11:48:12.960" level="INFO">Clicking element 'class:global-nav__input'.</msg>
<status status="PASS" starttime="20231128 11:48:12.958" endtime="20231128 11:48:13.084"/>
</kw>
<kw name="Input Text" library="SeleniumLibrary">
<arg>class:global-nav__input</arg>
<arg>New Balance 530 White Silver Navy</arg>
<doc>Types the given ``text`` into the text field identified by ``locator``.</doc>
<msg timestamp="20231128 11:48:13.086" level="INFO">Typing text 'New Balance 530 White Silver Navy' into text field 'class:global-nav__input'.</msg>
<status status="PASS" starttime="20231128 11:48:13.085" endtime="20231128 11:48:13.595"/>
</kw>
<kw name="Sleep" library="BuiltIn">
<arg>1</arg>
<doc>Pauses the test executed for the given time.</doc>
<msg timestamp="20231128 11:48:14.612" level="INFO">Slept 1 second</msg>
<status status="PASS" starttime="20231128 11:48:13.597" endtime="20231128 11:48:14.614"/>
</kw>
<kw name="Click Element" library="SeleniumLibrary">
<arg>class:global-nav__search-icon</arg>
<doc>Click the element identified by ``locator``.</doc>
<msg timestamp="20231128 11:48:14.620" level="INFO">Clicking element 'class:global-nav__search-icon'.</msg>
<status status="PASS" starttime="20231128 11:48:14.617" endtime="20231128 11:48:14.844"/>
</kw>
<kw name="Sleep" library="BuiltIn">
<arg>1</arg>
<doc>Pauses the test executed for the given time.</doc>
<msg timestamp="20231128 11:48:15.858" level="INFO">Slept 1 second</msg>
<status status="PASS" starttime="20231128 11:48:14.856" endtime="20231128 11:48:15.859"/>
</kw>
<kw name="Get Text" library="SeleniumLibrary">
<var>${product_name}</var>
<arg>class:item-slot__text--name</arg>
<doc>Returns the text value of the element identified by ``locator``.</doc>
<msg timestamp="20231128 11:48:15.911" level="INFO">${product_name} = New Balance 530 White Silver Navy</msg>
<status status="PASS" starttime="20231128 11:48:15.860" endtime="20231128 11:48:15.912"/>
</kw>
<kw name="Should Be Equal As Strings" library="BuiltIn">
<arg>${product_name}</arg>
<arg>New Balance 530 White Silver Navy</arg>
<doc>Fails if objects are unequal after converting them to strings.</doc>
<status status="PASS" starttime="20231128 11:48:15.915" endtime="20231128 11:48:15.916"/>
</kw>
<kw name="Close Browser" library="SeleniumLibrary" type="TEARDOWN">
<doc>Closes the current browser.</doc>
<status status="PASS" starttime="20231128 11:48:15.917" endtime="20231128 11:48:18.110"/>
</kw>
<tag>Search_service</tag>
<status status="PASS" starttime="20231128 11:48:08.976" endtime="20231128 11:48:18.113"/>
</test>
<test id="s1-t2" name="User search product by non-existing product name" line="27">
<kw name="Run Keywords" library="BuiltIn" type="SETUP">
<arg>Open homepage</arg>
<arg>AND</arg>
<arg>Maximize Browser Window</arg>
<doc>Executes all the given keywords in a sequence.</doc>
<kw name="Open homepage">
<kw name="Open Browser" library="SeleniumLibrary">
<arg>${url}</arg>
<arg>edge</arg>
<doc>Opens a new browser instance to the optional ``url``.</doc>
<msg timestamp="20231128 11:48:18.128" level="INFO">Opening browser 'edge' to base url 'http://localhost:3000/'.</msg>
<msg timestamp="20231128 11:48:18.176" level="INFO">Applicable driver not found; attempting to install with Selenium Manager (Beta)</msg>
<status status="PASS" starttime="20231128 11:48:18.126" endtime="20231128 11:48:21.973"/>
</kw>
<status status="PASS" starttime="20231128 11:48:18.124" endtime="20231128 11:48:21.974"/>
</kw>
<kw name="Maximize Browser Window" library="SeleniumLibrary">
<doc>Maximizes current browser window.</doc>
<status status="PASS" starttime="20231128 11:48:21.974" endtime="20231128 11:48:22.246"/>
</kw>
<status status="PASS" starttime="20231128 11:48:18.122" endtime="20231128 11:48:22.247"/>
</kw>
<kw name="Click Element" library="SeleniumLibrary">
<arg>class:global-nav__input</arg>
<doc>Click the element identified by ``locator``.</doc>
<msg timestamp="20231128 11:48:22.250" level="INFO">Clicking element 'class:global-nav__input'.</msg>
<status status="PASS" starttime="20231128 11:48:22.248" endtime="20231128 11:48:22.426"/>
</kw>
<kw name="Input Text" library="SeleniumLibrary">
<arg>class:global-nav__input</arg>
<arg>Converse Jack Purcell</arg>
<doc>Types the given ``text`` into the text field identified by ``locator``.</doc>
<msg timestamp="20231128 11:48:22.429" level="INFO">Typing text 'Converse Jack Purcell' into text field 'class:global-nav__input'.</msg>
<status status="PASS" starttime="20231128 11:48:22.428" endtime="20231128 11:48:22.891"/>
</kw>
<kw name="Sleep" library="BuiltIn">
<arg>1</arg>
<doc>Pauses the test executed for the given time.</doc>
<msg timestamp="20231128 11:48:23.898" level="INFO">Slept 1 second</msg>
<status status="PASS" starttime="20231128 11:48:22.893" endtime="20231128 11:48:23.899"/>
</kw>
<kw name="Click Element" library="SeleniumLibrary">
<arg>class:global-nav__search-icon</arg>
<doc>Click the element identified by ``locator``.</doc>
<msg timestamp="20231128 11:48:23.906" level="INFO">Clicking element 'class:global-nav__search-icon'.</msg>
<status status="PASS" starttime="20231128 11:48:23.903" endtime="20231128 11:48:24.150"/>
</kw>
<kw name="Sleep" library="BuiltIn">
<arg>1</arg>
<doc>Pauses the test executed for the given time.</doc>
<msg timestamp="20231128 11:48:25.170" level="INFO">Slept 1 second</msg>
<status status="PASS" starttime="20231128 11:48:24.156" endtime="20231128 11:48:25.171"/>
</kw>
<kw name="Get Element Count" library="SeleniumLibrary">
<var>${count}</var>
<arg>class:item-slot__text--name</arg>
<doc>Returns the number of elements matching ``locator``.</doc>
<msg timestamp="20231128 11:48:25.452" level="INFO">${count} = 0</msg>
<status status="PASS" starttime="20231128 11:48:25.190" endtime="20231128 11:48:25.453"/>
</kw>
<kw name="Should Be Equal As Integers" library="BuiltIn">
<arg>${count}</arg>
<arg>0</arg>
<doc>Fails if objects are unequal after converting them to integers.</doc>
<msg timestamp="20231128 11:48:25.455" level="INFO">Argument types are:
&lt;class 'int'&gt;
&lt;class 'str'&gt;</msg>
<status status="PASS" starttime="20231128 11:48:25.454" endtime="20231128 11:48:25.457"/>
</kw>
<kw name="Close Browser" library="SeleniumLibrary" type="TEARDOWN">
<doc>Closes the current browser.</doc>
<status status="PASS" starttime="20231128 11:48:25.460" endtime="20231128 11:48:27.707"/>
</kw>
<tag>Search_service</tag>
<status status="PASS" starttime="20231128 11:48:18.119" endtime="20231128 11:48:27.710"/>
</test>
<test id="s1-t3" name="User search product without input" line="38">
<kw name="Run Keywords" library="BuiltIn" type="SETUP">
<arg>Open homepage</arg>
<arg>AND</arg>
<arg>Maximize Browser Window</arg>
<doc>Executes all the given keywords in a sequence.</doc>
<kw name="Open homepage">
<kw name="Open Browser" library="SeleniumLibrary">
<arg>${url}</arg>
<arg>edge</arg>
<doc>Opens a new browser instance to the optional ``url``.</doc>
<msg timestamp="20231128 11:48:27.723" level="INFO">Opening browser 'edge' to base url 'http://localhost:3000/'.</msg>
<msg timestamp="20231128 11:48:27.772" level="INFO">Applicable driver not found; attempting to install with Selenium Manager (Beta)</msg>
<status status="PASS" starttime="20231128 11:48:27.721" endtime="20231128 11:48:31.339"/>
</kw>
<status status="PASS" starttime="20231128 11:48:27.719" endtime="20231128 11:48:31.340"/>
</kw>
<kw name="Maximize Browser Window" library="SeleniumLibrary">
<doc>Maximizes current browser window.</doc>
<status status="PASS" starttime="20231128 11:48:31.341" endtime="20231128 11:48:31.614"/>
</kw>
<status status="PASS" starttime="20231128 11:48:27.717" endtime="20231128 11:48:31.614"/>
</kw>
<kw name="Sleep" library="BuiltIn">
<arg>1</arg>
<doc>Pauses the test executed for the given time.</doc>
<msg timestamp="20231128 11:48:32.617" level="INFO">Slept 1 second</msg>
<status status="PASS" starttime="20231128 11:48:31.615" endtime="20231128 11:48:32.618"/>
</kw>
<kw name="Click Element" library="SeleniumLibrary">
<arg>class:global-nav__search-icon</arg>
<doc>Click the element identified by ``locator``.</doc>
<msg timestamp="20231128 11:48:32.622" level="INFO">Clicking element 'class:global-nav__search-icon'.</msg>
<status status="PASS" starttime="20231128 11:48:32.620" endtime="20231128 11:48:32.862"/>
</kw>
<kw name="Sleep" library="BuiltIn">
<arg>1</arg>
<doc>Pauses the test executed for the given time.</doc>
<msg timestamp="20231128 11:48:33.876" level="INFO">Slept 1 second</msg>
<status status="PASS" starttime="20231128 11:48:32.864" endtime="20231128 11:48:33.876"/>
</kw>
<kw name="Get Element Count" library="SeleniumLibrary">
<var>${count}</var>
<arg>class:item-slot__text--name</arg>
<doc>Returns the number of elements matching ``locator``.</doc>
<msg timestamp="20231128 11:48:33.900" level="INFO">${count} = 0</msg>
<status status="PASS" starttime="20231128 11:48:33.878" endtime="20231128 11:48:33.900"/>
</kw>
<kw name="Should Be Equal As Integers" library="BuiltIn">
<arg>${count}</arg>
<arg>0</arg>
<doc>Fails if objects are unequal after converting them to integers.</doc>
<msg timestamp="20231128 11:48:33.904" level="INFO">Argument types are:
&lt;class 'int'&gt;
&lt;class 'str'&gt;</msg>
<status status="PASS" starttime="20231128 11:48:33.903" endtime="20231128 11:48:33.905"/>
</kw>
<kw name="Close Browser" library="SeleniumLibrary" type="TEARDOWN">
<doc>Closes the current browser.</doc>
<status status="PASS" starttime="20231128 11:48:33.906" endtime="20231128 11:48:36.110"/>
</kw>
<tag>Search_service</tag>
<status status="PASS" starttime="20231128 11:48:27.715" endtime="20231128 11:48:36.112"/>
</test>
<test id="s1-t4" name="User search product by shoes category" line="48">
<kw name="Run Keywords" library="BuiltIn" type="SETUP">
<arg>Open homepage</arg>
<arg>AND</arg>
<arg>Maximize Browser Window</arg>
<doc>Executes all the given keywords in a sequence.</doc>
<kw name="Open homepage">
<kw name="Open Browser" library="SeleniumLibrary">
<arg>${url}</arg>
<arg>edge</arg>
<doc>Opens a new browser instance to the optional ``url``.</doc>
<msg timestamp="20231128 11:48:36.126" level="INFO">Opening browser 'edge' to base url 'http://localhost:3000/'.</msg>
<msg timestamp="20231128 11:48:36.167" level="INFO">Applicable driver not found; attempting to install with Selenium Manager (Beta)</msg>
<status status="PASS" starttime="20231128 11:48:36.122" endtime="20231128 11:48:39.445"/>
</kw>
<status status="PASS" starttime="20231128 11:48:36.120" endtime="20231128 11:48:39.447"/>
</kw>
<kw name="Maximize Browser Window" library="SeleniumLibrary">
<doc>Maximizes current browser window.</doc>
<status status="PASS" starttime="20231128 11:48:39.448" endtime="20231128 11:48:39.697"/>
</kw>
<status status="PASS" starttime="20231128 11:48:36.119" endtime="20231128 11:48:39.697"/>
</kw>
<kw name="Click Element" library="SeleniumLibrary">
<arg>xpath=//*[@id="root"]/div/div[1]/div[1]/div/div</arg>
<doc>Click the element identified by ``locator``.</doc>
<msg timestamp="20231128 11:48:39.701" level="INFO">Clicking element 'xpath=//*[@id="root"]/div/div[1]/div[1]/div/div'.</msg>
<status status="PASS" starttime="20231128 11:48:39.699" endtime="20231128 11:48:39.859"/>
</kw>
<kw name="Sleep" library="BuiltIn">
<arg>1</arg>
<doc>Pauses the test executed for the given time.</doc>
<msg timestamp="20231128 11:48:40.863" level="INFO">Slept 1 second</msg>
<status status="PASS" starttime="20231128 11:48:39.861" endtime="20231128 11:48:40.864"/>
</kw>
<kw name="Click Element" library="SeleniumLibrary">
<arg>xpath=//*[@id="root"]/div/div[1]/div[1]/div/div/ul/li[1]</arg>
<doc>Click the element identified by ``locator``.</doc>
<msg timestamp="20231128 11:48:40.868" level="INFO">Clicking element 'xpath=//*[@id="root"]/div/div[1]/div[1]/div/div/ul/li[1]'.</msg>
<status status="PASS" starttime="20231128 11:48:40.866" endtime="20231128 11:48:41.102"/>
</kw>
<kw name="Sleep" library="BuiltIn">
<arg>1</arg>
<doc>Pauses the test executed for the given time.</doc>
<msg timestamp="20231128 11:48:42.110" level="INFO">Slept 1 second</msg>
<status status="PASS" starttime="20231128 11:48:41.104" endtime="20231128 11:48:42.111"/>
</kw>
<kw name="Get Element Count" library="SeleniumLibrary">
<var>${count}</var>
<arg>class:item-slot</arg>
<doc>Returns the number of elements matching ``locator``.</doc>
<msg timestamp="20231128 11:48:42.165" level="INFO">${count} = 8</msg>
<status status="PASS" starttime="20231128 11:48:42.112" endtime="20231128 11:48:42.166"/>
</kw>
<kw name="Should Be Equal As Integers" library="BuiltIn">
<arg>${count}</arg>
<arg>8</arg>
<doc>Fails if objects are unequal after converting them to integers.</doc>
<msg timestamp="20231128 11:48:42.169" level="INFO">Argument types are:
&lt;class 'int'&gt;
&lt;class 'str'&gt;</msg>
<status status="PASS" starttime="20231128 11:48:42.168" endtime="20231128 11:48:42.170"/>
</kw>
<kw name="Close Browser" library="SeleniumLibrary" type="TEARDOWN">
<doc>Closes the current browser.</doc>
<status status="PASS" starttime="20231128 11:48:42.171" endtime="20231128 11:48:45.982"/>
</kw>
<tag>Search_service</tag>
<status status="PASS" starttime="20231128 11:48:36.117" endtime="20231128 11:48:45.984"/>
</test>
<test id="s1-t5" name="User search product by t-shirt category" line="58">
<kw name="Run Keywords" library="BuiltIn" type="SETUP">
<arg>Open homepage</arg>
<arg>AND</arg>
<arg>Maximize Browser Window</arg>
<doc>Executes all the given keywords in a sequence.</doc>
<kw name="Open homepage">
<kw name="Open Browser" library="SeleniumLibrary">
<arg>${url}</arg>
<arg>edge</arg>
<doc>Opens a new browser instance to the optional ``url``.</doc>
<msg timestamp="20231128 11:48:45.995" level="INFO">Opening browser 'edge' to base url 'http://localhost:3000/'.</msg>
<msg timestamp="20231128 11:48:46.036" level="INFO">Applicable driver not found; attempting to install with Selenium Manager (Beta)</msg>
<status status="PASS" starttime="20231128 11:48:45.993" endtime="20231128 11:48:49.163"/>
</kw>
<status status="PASS" starttime="20231128 11:48:45.992" endtime="20231128 11:48:49.168"/>
</kw>
<kw name="Maximize Browser Window" library="SeleniumLibrary">
<doc>Maximizes current browser window.</doc>
<status status="PASS" starttime="20231128 11:48:49.169" endtime="20231128 11:48:49.436"/>
</kw>
<status status="PASS" starttime="20231128 11:48:45.991" endtime="20231128 11:48:49.437"/>
</kw>
<kw name="Click Element" library="SeleniumLibrary">
<arg>xpath=//*[@id="root"]/div/div[1]/div[1]/div/div</arg>
<doc>Click the element identified by ``locator``.</doc>
<msg timestamp="20231128 11:48:49.440" level="INFO">Clicking element 'xpath=//*[@id="root"]/div/div[1]/div[1]/div/div'.</msg>
<status status="PASS" starttime="20231128 11:48:49.438" endtime="20231128 11:48:49.550"/>
</kw>
<kw name="Sleep" library="BuiltIn">
<arg>1</arg>
<doc>Pauses the test executed for the given time.</doc>
<msg timestamp="20231128 11:48:50.557" level="INFO">Slept 1 second</msg>
<status status="PASS" starttime="20231128 11:48:49.551" endtime="20231128 11:48:50.558"/>
</kw>
<kw name="Click Element" library="SeleniumLibrary">
<arg>xpath=//*[@id="root"]/div/div[1]/div[1]/div/div/ul/li[2]</arg>
<doc>Click the element identified by ``locator``.</doc>
<msg timestamp="20231128 11:48:50.562" level="INFO">Clicking element 'xpath=//*[@id="root"]/div/div[1]/div[1]/div/div/ul/li[2]'.</msg>
<status status="PASS" starttime="20231128 11:48:50.560" endtime="20231128 11:48:50.767"/>
</kw>
<kw name="Sleep" library="BuiltIn">
<arg>1</arg>
<doc>Pauses the test executed for the given time.</doc>
<msg timestamp="20231128 11:48:51.773" level="INFO">Slept 1 second</msg>
<status status="PASS" starttime="20231128 11:48:50.770" endtime="20231128 11:48:51.773"/>
</kw>
<kw name="Get Element Count" library="SeleniumLibrary">
<var>${count}</var>
<arg>class:item-slot</arg>
<doc>Returns the number of elements matching ``locator``.</doc>
<msg timestamp="20231128 11:48:51.797" level="INFO">${count} = 2</msg>
<status status="PASS" starttime="20231128 11:48:51.774" endtime="20231128 11:48:51.797"/>
</kw>
<kw name="Should Be Equal As Integers" library="BuiltIn">
<arg>${count}</arg>
<arg>2</arg>
<doc>Fails if objects are unequal after converting them to integers.</doc>
<msg timestamp="20231128 11:48:51.798" level="INFO">Argument types are:
&lt;class 'int'&gt;
&lt;class 'str'&gt;</msg>
<status status="PASS" starttime="20231128 11:48:51.797" endtime="20231128 11:48:51.798"/>
</kw>
<kw name="Close Browser" library="SeleniumLibrary" type="TEARDOWN">
<doc>Closes the current browser.</doc>
<status status="PASS" starttime="20231128 11:48:51.800" endtime="20231128 11:48:55.606"/>
</kw>
<tag>Search_service</tag>
<status status="PASS" starttime="20231128 11:48:45.989" endtime="20231128 11:48:55.608"/>
</test>
<status status="PASS" starttime="20231128 11:48:08.356" endtime="20231128 11:48:55.613"/>
</suite>
<statistics>
<total>
<stat pass="5" fail="0" skip="0">All Tests</stat>
</total>
<tag>
<stat pass="5" fail="0" skip="0">Search_service</stat>
</tag>
<suite>
<stat pass="5" fail="0" skip="0" id="s1" name="Search Ui">Search Ui</stat>
</suite>
</statistics>
<errors>
</errors>
</robot>
